<?xml version="1.0" encoding="UTF-8"?>
<testng-results skipped="0" failed="0" ignored="0" total="1" passed="1">
  <reporter-output>
  </reporter-output>
  <suite name="Suite" duration-ms="20072" started-at="2021-05-22T22:41:38 IST" finished-at="2021-05-22T22:41:58 IST">
    <groups>
    </groups>
    <test name="Test" duration-ms="20072" started-at="2021-05-22T22:41:38 IST" finished-at="2021-05-22T22:41:58 IST">
      <class name="practice.AppiumFramework.FirstTest">
        <test-method status="PASS" signature="apiDemoTest()[pri:0, instance:practice.AppiumFramework.FirstTest@4e718207]" name="apiDemoTest" duration-ms="20046" started-at="2021-05-22T22:41:38 IST" finished-at="2021-05-22T22:41:58 IST">
          <reporter-output>
          </reporter-output>
        </test-method> <!-- apiDemoTest -->
      </class> <!-- practice.AppiumFramework.FirstTest -->
    </test> <!-- Test -->
  </suite> <!-- Suite -->
</testng-results>
